<?xml version="1.0" encoding="UTF-8"?>
<!-- Generated by org.testng.reporters.JUnitReportReporter -->
<testsuite hostname="LAPTOP-NFMVU0JH" failures="0" tests="1" name="MaPr.Maven" time="0.024" errors="0" timestamp="2024-08-26T23:43:07 IST" skipped="0">
  <testcase classname="MaPr.Maven" name="m1" time="0.024"/>
  <system-out/>
</testsuite> <!-- MaPr.Maven -->
