<?xml version="1.0" encoding="UTF-8"?>
<!-- Generated by org.testng.reporters.JUnitReportReporter -->
<testsuite hostname="LAPTOP-NFMVU0JH" failures="0" tests="1" name="MP.NewMP" time="1.333" errors="0" timestamp="2024-08-30T12:53:55 IST" skipped="0">
  <testcase classname="MP.NewMP" name="m2" time="1.333"/>
  <system-out/>
</testsuite> <!-- MP.NewMP -->
