<?xml version="1.0" encoding="UTF-8"?>
<!-- Generated by org.testng.reporters.JUnitReportReporter -->
<testsuite hostname="LAPTOP-NFMVU0JH" failures="0" tests="1" name="MP.FaceBookwithExcel" time="0.000" errors="0" timestamp="2024-09-13T13:00:38 IST" skipped="1">
  <testcase classname="MP.FaceBookwithExcel" name="verifyLogin" time="0.000">
    <skipped/>
  </testcase> <!-- verifyLogin -->
  <system-out/>
</testsuite> <!-- MP.FaceBookwithExcel -->
