<?xml version="1.0" encoding="UTF-8"?>
<!-- Generated by org.testng.reporters.JUnitReportReporter -->
<testsuite hostname="LAPTOP-NFMVU0JH" failures="0" tests="3" name="MP.DataDrivenFacebook" time="7.605" errors="0" timestamp="2024-08-29T23:47:56 IST" skipped="0">
  <testcase classname="MP.DataDrivenFacebook" name="verifyLogin" time="2.513"/>
  <system-out/>
  <testcase classname="MP.DataDrivenFacebook" name="verifyLogin" time="2.574"/>
  <system-out/>
  <testcase classname="MP.DataDrivenFacebook" name="verifyLogin" time="2.518"/>
  <system-out/>
</testsuite> <!-- MP.DataDrivenFacebook -->
