<?xml version="1.0" encoding="UTF-8"?>
<!-- Generated by org.testng.reporters.JUnitReportReporter -->
<testsuite hostname="LAPTOP-NFMVU0JH" failures="0" tests="2" name="Selenium.FaceBook" time="8.569" errors="0" timestamp="2024-08-26T21:16:50 IST" skipped="0">
  <testcase classname="Selenium.FaceBook" name="verified" time="3.181"/>
  <system-out/>
  <testcase classname="Selenium.FaceBook" name="verify" time="5.388"/>
  <system-out/>
</testsuite> <!-- Selenium.FaceBook -->
