<?xml version="1.0" encoding="UTF-8"?>
<!-- Generated by org.testng.reporters.JUnitReportReporter -->
<testsuite hostname="LAPTOP-NFMVU0JH" failures="0" tests="1" name="Selenium.Alerthandling" time="3.479" errors="0" timestamp="2024-08-26T19:54:39 IST" skipped="0">
  <testcase classname="Selenium.Alerthandling" name="m1" time="3.479"/>
  <system-out/>
</testsuite> <!-- Selenium.Alerthandling -->
