<?xml version="1.0" encoding="UTF-8"?>
<!-- Generated by org.testng.reporters.JUnitReportReporter -->
<testsuite hostname="LAPTOP-NFMVU0JH" failures="0" tests="3" name="Selenium.ParallelHandling" time="12.443" errors="0" timestamp="2024-08-26T20:15:58 IST" skipped="0">
  <testcase classname="Selenium.ParallelHandling" name="m1" time="4.479"/>
  <system-out/>
  <testcase classname="Selenium.ParallelHandling" name="m3" time="3.744"/>
  <system-out/>
  <testcase classname="Selenium.ParallelHandling" name="m2" time="4.220"/>
  <system-out/>
</testsuite> <!-- Selenium.ParallelHandling -->
