<?xml version="1.0" encoding="UTF-8"?>
<!-- Generated by org.testng.reporters.JUnitReportReporter -->
<testsuite hostname="LAPTOP-NFMVU0JH" failures="0" tests="5" name="Selenium.Testng" time="0.023" errors="0" timestamp="2024-08-21T13:01:36 IST" skipped="1">
  <testcase classname="Selenium.Testng" name="m3" time="0.002"/>
  <system-out/>
  <testcase classname="Selenium.Testng" name="m4" time="0.002"/>
  <system-out/>
  <testcase classname="Selenium.Testng" name="m5" time="0.002"/>
  <system-out/>
  <testcase classname="Selenium.Testng" name="m1" time="0.017"/>
  <system-out/>
  <testcase classname="Selenium.Testng" name="m2">
    <skipped/>
  </testcase> <!-- m2 -->
  <system-out/>
</testsuite> <!-- Selenium.Testng -->
