<?xml version="1.0" encoding="UTF-8"?>
<!-- Generated by org.testng.reporters.JUnitReportReporter -->
<testsuite hostname="LAPTOP-NFMVU0JH" failures="0" tests="1" name="Selenium.Demoauto" time="4.379" errors="0" timestamp="2024-08-26T19:54:39 IST" skipped="0">
  <testcase classname="Selenium.Demoauto" name="main" time="4.379"/>
  <system-out/>
</testsuite> <!-- Selenium.Demoauto -->
